<?xml version="1.0" encoding="UTF-8"?>
<!-- Generated by org.testng.reporters.JUnitReportReporter -->
<testsuite hostname="DESKTOP-EGJAG4E" failures="0" tests="1" name="com.zee5.iOS_HiPi_NeoScripts.IOS_HiPi_Neo_Priority_P1_Test_cases" time="136.373" errors="0" timestamp="20 Jul 2022 11:24:13 GMT">
  <testcase classname="com.zee5.iOS_HiPi_NeoScripts.IOS_HiPi_Neo_Priority_P1_Test_cases" name="Verify_Discover_Screen_part1" time="136.373"/>
</testsuite> <!-- com.zee5.iOS_HiPi_NeoScripts.IOS_HiPi_Neo_Priority_P1_Test_cases -->
