<?xml version="1.0" encoding="UTF-8"?>
<!-- Generated by org.testng.reporters.JUnitReportReporter -->
<testsuite hostname="IGS-Admins-MacBook-Pro.local" name="com.zee5.iOS_HiPi_NeoScripts.IOS_HiPi_Neo_Priority_P0_Test_cases" tests="1" failures="0" timestamp="16 Aug 2023 09:05:35 GMT" time="1369.434" errors="0">
  <testcase name="searchSuggestions_29" time="1369.434" classname="com.zee5.iOS_HiPi_NeoScripts.IOS_HiPi_Neo_Priority_P0_Test_cases"/>
</testsuite> <!-- com.zee5.iOS_HiPi_NeoScripts.IOS_HiPi_Neo_Priority_P0_Test_cases -->
